This file contains any messages produced by compilers while
running configure, to aid debugging if configure makes a mistake.

It was created by SERVER_SOCKET configure 2.0, which was
generated by GNU Autoconf 2.69.  Invocation command line was

  $ ./configure 

## --------- ##
## Platform. ##
## --------- ##

hostname = timlentse
uname -m = x86_64
uname -r = 3.13.0-35-generic
uname -s = Linux
uname -v = #62-Ubuntu SMP Fri Aug 15 01:58:42 UTC 2014

/usr/bin/uname -p = unknown
/bin/uname -X     = unknown

/bin/arch              = unknown
/usr/bin/arch -k       = unknown
/usr/convex/getsysinfo = unknown
/usr/bin/hostinfo      = unknown
/bin/machine           = unknown
/usr/bin/oslevel       = unknown
/bin/universe          = unknown

PATH: /usr/local/sbin
PATH: /usr/local/bin
PATH: /usr/sbin
PATH: /usr/bin
PATH: /sbin
PATH: /bin
PATH: /usr/games
PATH: /usr/local/games


## ----------- ##
## Core tests. ##
## ----------- ##

configure:2240: checking for a BSD-compatible install
configure:2308: result: /usr/bin/install -c
configure:2319: checking whether build environment is sane
configure:2374: result: yes
configure:2525: checking for a thread-safe mkdir -p
configure:2564: result: /bin/mkdir -p
configure:2571: checking for gawk
configure:2587: found /usr/bin/gawk
configure:2598: result: gawk
configure:2609: checking whether make sets $(MAKE)
configure:2631: result: yes
configure:2660: checking whether make supports nested variables
configure:2677: result: yes
configure:2863: checking for g++
configure:2879: found /usr/bin/g++
configure:2890: result: g++
configure:2917: checking for C++ compiler version
configure:2926: g++ --version >&5
g++ (Ubuntu 4.8.2-19ubuntu1) 4.8.2
Copyright (C) 2013 Free Software Foundation, Inc.
This is free software; see the source for copying conditions.  There is NO
warranty; not even for MERCHANTABILITY or FITNESS FOR A PARTICULAR PURPOSE.

configure:2937: $? = 0
configure:2926: g++ -v >&5
Using built-in specs.
COLLECT_GCC=g++
COLLECT_LTO_WRAPPER=/usr/lib/gcc/x86_64-linux-gnu/4.8/lto-wrapper
Target: x86_64-linux-gnu
Configured with: ../src/configure -v --with-pkgversion='Ubuntu 4.8.2-19ubuntu1' --with-bugurl=file:///usr/share/doc/gcc-4.8/README.Bugs --enable-languages=c,c++,java,go,d,fortran,objc,obj-c++ --prefix=/usr --program-suffix=-4.8 --enable-shared --enable-linker-build-id --libexecdir=/usr/lib --without-included-gettext --enable-threads=posix --with-gxx-include-dir=/usr/include/c++/4.8 --libdir=/usr/lib --enable-nls --with-sysroot=/ --enable-clocale=gnu --enable-libstdcxx-debug --enable-libstdcxx-time=yes --enable-gnu-unique-object --disable-libmudflap --enable-plugin --with-system-zlib --disable-browser-plugin --enable-java-awt=gtk --enable-gtk-cairo --with-java-home=/usr/lib/jvm/java-1.5.0-gcj-4.8-amd64/jre --enable-java-home --with-jvm-root-dir=/usr/lib/jvm/java-1.5.0-gcj-4.8-amd64 --with-jvm-jar-dir=/usr/lib/jvm-exports/java-1.5.0-gcj-4.8-amd64 --with-arch-directory=amd64 --with-ecj-jar=/usr/share/java/eclipse-ecj.jar --enable-objc-gc --enable-multiarch --disable-werror --with-arch-32=i686 --with-abi=m64 --with-multilib-list=m32,m64,mx32 --with-tune=generic --enable-checking=release --build=x86_64-linux-gnu --host=x86_64-linux-gnu --target=x86_64-linux-gnu
Thread model: posix
gcc version 4.8.2 (Ubuntu 4.8.2-19ubuntu1) 
configure:2937: $? = 0
configure:2926: g++ -V >&5
g++: error: unrecognized command line option '-V'
g++: fatal error: no input files
compilation terminated.
configure:2937: $? = 4
configure:2926: g++ -qversion >&5
g++: error: unrecognized command line option '-qversion'
g++: fatal error: no input files
compilation terminated.
configure:2937: $? = 4
configure:2957: checking whether the C++ compiler works
configure:2979: g++    conftest.cpp  >&5
configure:2983: $? = 0
configure:3031: result: yes
configure:3034: checking for C++ compiler default output file name
configure:3036: result: a.out
configure:3042: checking for suffix of executables
configure:3049: g++ -o conftest    conftest.cpp  >&5
configure:3053: $? = 0
configure:3075: result: 
configure:3097: checking whether we are cross compiling
configure:3105: g++ -o conftest    conftest.cpp  >&5
configure:3109: $? = 0
configure:3116: ./conftest
configure:3120: $? = 0
configure:3135: result: no
configure:3140: checking for suffix of object files
configure:3162: g++ -c   conftest.cpp >&5
configure:3166: $? = 0
configure:3187: result: o
configure:3191: checking whether we are using the GNU C++ compiler
configure:3210: g++ -c   conftest.cpp >&5
configure:3210: $? = 0
configure:3219: result: yes
configure:3228: checking whether g++ accepts -g
configure:3248: g++ -c -g  conftest.cpp >&5
configure:3248: $? = 0
configure:3289: result: yes
configure:3323: checking for style of include used by make
configure:3351: result: GNU
configure:3377: checking dependency style of g++
configure:3488: result: gcc3
configure:3551: checking for gcc
configure:3567: found /usr/bin/gcc
configure:3578: result: gcc
configure:3807: checking for C compiler version
configure:3816: gcc --version >&5
gcc (Ubuntu 4.8.2-19ubuntu1) 4.8.2
Copyright (C) 2013 Free Software Foundation, Inc.
This is free software; see the source for copying conditions.  There is NO
warranty; not even for MERCHANTABILITY or FITNESS FOR A PARTICULAR PURPOSE.

configure:3827: $? = 0
configure:3816: gcc -v >&5
Using built-in specs.
COLLECT_GCC=gcc
COLLECT_LTO_WRAPPER=/usr/lib/gcc/x86_64-linux-gnu/4.8/lto-wrapper
Target: x86_64-linux-gnu
Configured with: ../src/configure -v --with-pkgversion='Ubuntu 4.8.2-19ubuntu1' --with-bugurl=file:///usr/share/doc/gcc-4.8/README.Bugs --enable-languages=c,c++,java,go,d,fortran,objc,obj-c++ --prefix=/usr --program-suffix=-4.8 --enable-shared --enable-linker-build-id --libexecdir=/usr/lib --without-included-gettext --enable-threads=posix --with-gxx-include-dir=/usr/include/c++/4.8 --libdir=/usr/lib --enable-nls --with-sysroot=/ --enable-clocale=gnu --enable-libstdcxx-debug --enable-libstdcxx-time=yes --enable-gnu-unique-object --disable-libmudflap --enable-plugin --with-system-zlib --disable-browser-plugin --enable-java-awt=gtk --enable-gtk-cairo --with-java-home=/usr/lib/jvm/java-1.5.0-gcj-4.8-amd64/jre --enable-java-home --with-jvm-root-dir=/usr/lib/jvm/java-1.5.0-gcj-4.8-amd64 --with-jvm-jar-dir=/usr/lib/jvm-exports/java-1.5.0-gcj-4.8-amd64 --with-arch-directory=amd64 --with-ecj-jar=/usr/share/java/eclipse-ecj.jar --enable-objc-gc --enable-multiarch --disable-werror --with-arch-32=i686 --with-abi=m64 --with-multilib-list=m32,m64,mx32 --with-tune=generic --enable-checking=release --build=x86_64-linux-gnu --host=x86_64-linux-gnu --target=x86_64-linux-gnu
Thread model: posix
gcc version 4.8.2 (Ubuntu 4.8.2-19ubuntu1) 
configure:3827: $? = 0
configure:3816: gcc -V >&5
gcc: error: unrecognized command line option '-V'
gcc: fatal error: no input files
compilation terminated.
configure:3827: $? = 4
configure:3816: gcc -qversion >&5
gcc: error: unrecognized command line option '-qversion'
gcc: fatal error: no input files
compilation terminated.
configure:3827: $? = 4
configure:3831: checking whether we are using the GNU C compiler
configure:3850: gcc -c   conftest.c >&5
configure:3850: $? = 0
configure:3859: result: yes
configure:3868: checking whether gcc accepts -g
configure:3888: gcc -c -g  conftest.c >&5
configure:3888: $? = 0
configure:3929: result: yes
configure:3946: checking for gcc option to accept ISO C89
configure:4009: gcc  -c -g -O2  conftest.c >&5
configure:4009: $? = 0
configure:4022: result: none needed
configure:4047: checking whether gcc understands -c and -o together
configure:4069: gcc -c conftest.c -o conftest2.o
configure:4072: $? = 0
configure:4069: gcc -c conftest.c -o conftest2.o
configure:4072: $? = 0
configure:4084: result: yes
configure:4103: checking dependency style of gcc
configure:4214: result: gcc3
configure:4239: checking how to run the C preprocessor
configure:4270: gcc -E  conftest.c
configure:4270: $? = 0
configure:4284: gcc -E  conftest.c
conftest.c:11:28: fatal error: ac_nonexistent.h: No such file or directory
 #include <ac_nonexistent.h>
                            ^
compilation terminated.
configure:4284: $? = 1
configure: failed program was:
| /* confdefs.h */
| #define PACKAGE_NAME "SERVER_SOCKET"
| #define PACKAGE_TARNAME "server_socket"
| #define PACKAGE_VERSION "2.0"
| #define PACKAGE_STRING "SERVER_SOCKET 2.0"
| #define PACKAGE_BUGREPORT "tinglenxan@gmail.com"
| #define PACKAGE_URL ""
| #define PACKAGE "SERVER_SOCKET"
| #define VERSION "2.0"
| /* end confdefs.h.  */
| #include <ac_nonexistent.h>
configure:4309: result: gcc -E
configure:4329: gcc -E  conftest.c
configure:4329: $? = 0
configure:4343: gcc -E  conftest.c
conftest.c:11:28: fatal error: ac_nonexistent.h: No such file or directory
 #include <ac_nonexistent.h>
                            ^
compilation terminated.
configure:4343: $? = 1
configure: failed program was:
| /* confdefs.h */
| #define PACKAGE_NAME "SERVER_SOCKET"
| #define PACKAGE_TARNAME "server_socket"
| #define PACKAGE_VERSION "2.0"
| #define PACKAGE_STRING "SERVER_SOCKET 2.0"
| #define PACKAGE_BUGREPORT "tinglenxan@gmail.com"
| #define PACKAGE_URL ""
| #define PACKAGE "SERVER_SOCKET"
| #define VERSION "2.0"
| /* end confdefs.h.  */
| #include <ac_nonexistent.h>
configure:4372: checking for grep that handles long lines and -e
configure:4430: result: /bin/grep
configure:4435: checking for egrep
configure:4497: result: /bin/grep -E
configure:4502: checking for ANSI C header files
configure:4522: gcc -c -g -O2  conftest.c >&5
configure:4522: $? = 0
configure:4595: gcc -o conftest -g -O2   conftest.c  >&5
configure:4595: $? = 0
configure:4595: ./conftest
configure:4595: $? = 0
configure:4606: result: yes
configure:4619: checking for sys/types.h
configure:4619: gcc -c -g -O2  conftest.c >&5
configure:4619: $? = 0
configure:4619: result: yes
configure:4619: checking for sys/stat.h
configure:4619: gcc -c -g -O2  conftest.c >&5
configure:4619: $? = 0
configure:4619: result: yes
configure:4619: checking for stdlib.h
configure:4619: gcc -c -g -O2  conftest.c >&5
configure:4619: $? = 0
configure:4619: result: yes
configure:4619: checking for string.h
configure:4619: gcc -c -g -O2  conftest.c >&5
configure:4619: $? = 0
configure:4619: result: yes
configure:4619: checking for memory.h
configure:4619: gcc -c -g -O2  conftest.c >&5
configure:4619: $? = 0
configure:4619: result: yes
configure:4619: checking for strings.h
configure:4619: gcc -c -g -O2  conftest.c >&5
configure:4619: $? = 0
configure:4619: result: yes
configure:4619: checking for inttypes.h
configure:4619: gcc -c -g -O2  conftest.c >&5
configure:4619: $? = 0
configure:4619: result: yes
configure:4619: checking for stdint.h
configure:4619: gcc -c -g -O2  conftest.c >&5
configure:4619: $? = 0
configure:4619: result: yes
configure:4619: checking for unistd.h
configure:4619: gcc -c -g -O2  conftest.c >&5
configure:4619: $? = 0
configure:4619: result: yes
configure:4634: checking arpa/inet.h usability
configure:4634: gcc -c -g -O2  conftest.c >&5
configure:4634: $? = 0
configure:4634: result: yes
configure:4634: checking arpa/inet.h presence
configure:4634: gcc -E  conftest.c
configure:4634: $? = 0
configure:4634: result: yes
configure:4634: checking for arpa/inet.h
configure:4634: result: yes
configure:4634: checking fcntl.h usability
configure:4634: gcc -c -g -O2  conftest.c >&5
configure:4634: $? = 0
configure:4634: result: yes
configure:4634: checking fcntl.h presence
configure:4634: gcc -E  conftest.c
configure:4634: $? = 0
configure:4634: result: yes
configure:4634: checking for fcntl.h
configure:4634: result: yes
configure:4634: checking netdb.h usability
configure:4634: gcc -c -g -O2  conftest.c >&5
configure:4634: $? = 0
configure:4634: result: yes
configure:4634: checking netdb.h presence
configure:4634: gcc -E  conftest.c
configure:4634: $? = 0
configure:4634: result: yes
configure:4634: checking for netdb.h
configure:4634: result: yes
configure:4634: checking netinet/in.h usability
configure:4634: gcc -c -g -O2  conftest.c >&5
configure:4634: $? = 0
configure:4634: result: yes
configure:4634: checking netinet/in.h presence
configure:4634: gcc -E  conftest.c
configure:4634: $? = 0
configure:4634: result: yes
configure:4634: checking for netinet/in.h
configure:4634: result: yes
configure:4634: checking for stdlib.h
configure:4634: result: yes
configure:4634: checking for string.h
configure:4634: result: yes
configure:4634: checking sys/socket.h usability
configure:4634: gcc -c -g -O2  conftest.c >&5
configure:4634: $? = 0
configure:4634: result: yes
configure:4634: checking sys/socket.h presence
configure:4634: gcc -E  conftest.c
configure:4634: $? = 0
configure:4634: result: yes
configure:4634: checking for sys/socket.h
configure:4634: result: yes
configure:4634: checking for unistd.h
configure:4634: result: yes
configure:4651: checking for bzero
configure:4651: gcc -o conftest -g -O2   conftest.c  >&5
conftest.c:52:6: warning: conflicting types for built-in function 'bzero' [enabled by default]
 char bzero ();
      ^
configure:4651: $? = 0
configure:4651: result: yes
configure:4651: checking for inet_ntoa
configure:4651: gcc -o conftest -g -O2   conftest.c  >&5
configure:4651: $? = 0
configure:4651: result: yes
configure:4651: checking for socket
configure:4651: gcc -o conftest -g -O2   conftest.c  >&5
configure:4651: $? = 0
configure:4651: result: yes
configure:4651: checking for strerror
configure:4651: gcc -o conftest -g -O2   conftest.c  >&5
configure:4651: $? = 0
configure:4651: result: yes
configure:4772: checking that generated files are newer than configure
configure:4778: result: done
configure:4805: creating ./config.status

## ---------------------- ##
## Running config.status. ##
## ---------------------- ##

This file was extended by SERVER_SOCKET config.status 2.0, which was
generated by GNU Autoconf 2.69.  Invocation command line was

  CONFIG_FILES    = 
  CONFIG_HEADERS  = 
  CONFIG_LINKS    = 
  CONFIG_COMMANDS = 
  $ ./config.status 

on timlentse

config.status:870: creating Makefile
config.status:870: creating config.h
config.status:1051: config.h is unchanged
config.status:1099: executing depfiles commands

## ---------------- ##
## Cache variables. ##
## ---------------- ##

ac_cv_c_compiler_gnu=yes
ac_cv_cxx_compiler_gnu=yes
ac_cv_env_CCC_set=
ac_cv_env_CCC_value=
ac_cv_env_CC_set=
ac_cv_env_CC_value=
ac_cv_env_CFLAGS_set=
ac_cv_env_CFLAGS_value=
ac_cv_env_CPPFLAGS_set=
ac_cv_env_CPPFLAGS_value=
ac_cv_env_CPP_set=
ac_cv_env_CPP_value=
ac_cv_env_CXXFLAGS_set=
ac_cv_env_CXXFLAGS_value=
ac_cv_env_CXX_set=
ac_cv_env_CXX_value=
ac_cv_env_LDFLAGS_set=
ac_cv_env_LDFLAGS_value=
ac_cv_env_LIBS_set=
ac_cv_env_LIBS_value=
ac_cv_env_build_alias_set=
ac_cv_env_build_alias_value=
ac_cv_env_host_alias_set=
ac_cv_env_host_alias_value=
ac_cv_env_target_alias_set=
ac_cv_env_target_alias_value=
ac_cv_func_bzero=yes
ac_cv_func_inet_ntoa=yes
ac_cv_func_socket=yes
ac_cv_func_strerror=yes
ac_cv_header_arpa_inet_h=yes
ac_cv_header_fcntl_h=yes
ac_cv_header_inttypes_h=yes
ac_cv_header_memory_h=yes
ac_cv_header_netdb_h=yes
ac_cv_header_netinet_in_h=yes
ac_cv_header_stdc=yes
ac_cv_header_stdint_h=yes
ac_cv_header_stdlib_h=yes
ac_cv_header_string_h=yes
ac_cv_header_strings_h=yes
ac_cv_header_sys_socket_h=yes
ac_cv_header_sys_stat_h=yes
ac_cv_header_sys_types_h=yes
ac_cv_header_unistd_h=yes
ac_cv_objext=o
ac_cv_path_EGREP='/bin/grep -E'
ac_cv_path_GREP=/bin/grep
ac_cv_path_install='/usr/bin/install -c'
ac_cv_path_mkdir=/bin/mkdir
ac_cv_prog_AWK=gawk
ac_cv_prog_CPP='gcc -E'
ac_cv_prog_ac_ct_CC=gcc
ac_cv_prog_ac_ct_CXX=g++
ac_cv_prog_cc_c89=
ac_cv_prog_cc_g=yes
ac_cv_prog_cxx_g=yes
ac_cv_prog_make_make_set=yes
am_cv_CC_dependencies_compiler_type=gcc3
am_cv_CXX_dependencies_compiler_type=gcc3
am_cv_make_support_nested_variables=yes
am_cv_prog_cc_c_o=yes

## ----------------- ##
## Output variables. ##
## ----------------- ##

ACLOCAL='${SHELL} "/home/timlentse/MyProject/Little project/multithread-server/src/missing" aclocal-1.14'
AMDEPBACKSLASH='\'
AMDEP_FALSE='#'
AMDEP_TRUE=''
AMTAR='$${TAR-tar}'
AM_BACKSLASH='\'
AM_DEFAULT_V='$(AM_DEFAULT_VERBOSITY)'
AM_DEFAULT_VERBOSITY='1'
AM_V='$(V)'
AUTOCONF='${SHELL} "/home/timlentse/MyProject/Little project/multithread-server/src/missing" autoconf'
AUTOHEADER='${SHELL} "/home/timlentse/MyProject/Little project/multithread-server/src/missing" autoheader'
AUTOMAKE='${SHELL} "/home/timlentse/MyProject/Little project/multithread-server/src/missing" automake-1.14'
AWK='gawk'
CC='gcc'
CCDEPMODE='depmode=gcc3'
CFLAGS='-g -O2'
CPP='gcc -E'
CPPFLAGS=''
CXX='g++'
CXXDEPMODE='depmode=gcc3'
CXXFLAGS='-g -O2'
CYGPATH_W='echo'
DEFS='-DHAVE_CONFIG_H'
DEPDIR='.deps'
ECHO_C=''
ECHO_N='-n'
ECHO_T=''
EGREP='/bin/grep -E'
EXEEXT=''
GREP='/bin/grep'
INSTALL_DATA='${INSTALL} -m 644'
INSTALL_PROGRAM='${INSTALL}'
INSTALL_SCRIPT='${INSTALL}'
INSTALL_STRIP_PROGRAM='$(install_sh) -c -s'
LDFLAGS=''
LIBOBJS=''
LIBS=''
LTLIBOBJS=''
MAKEINFO='${SHELL} "/home/timlentse/MyProject/Little project/multithread-server/src/missing" makeinfo'
MKDIR_P='/bin/mkdir -p'
OBJEXT='o'
PACKAGE='SERVER_SOCKET'
PACKAGE_BUGREPORT='tinglenxan@gmail.com'
PACKAGE_NAME='SERVER_SOCKET'
PACKAGE_STRING='SERVER_SOCKET 2.0'
PACKAGE_TARNAME='server_socket'
PACKAGE_URL=''
PACKAGE_VERSION='2.0'
PATH_SEPARATOR=':'
SET_MAKE=''
SHELL='/bin/bash'
STRIP=''
VERSION='2.0'
ac_ct_CC='gcc'
ac_ct_CXX='g++'
am__EXEEXT_FALSE=''
am__EXEEXT_TRUE='#'
am__fastdepCC_FALSE='#'
am__fastdepCC_TRUE=''
am__fastdepCXX_FALSE='#'
am__fastdepCXX_TRUE=''
am__include='include'
am__isrc=''
am__leading_dot='.'
am__nodep='_no'
am__quote=''
am__tar='$${TAR-tar} chof - "$$tardir"'
am__untar='$${TAR-tar} xf -'
bindir='${exec_prefix}/bin'
build_alias=''
datadir='${datarootdir}'
datarootdir='${prefix}/share'
docdir='${datarootdir}/doc/${PACKAGE_TARNAME}'
dvidir='${docdir}'
exec_prefix='${prefix}'
host_alias=''
htmldir='${docdir}'
includedir='${prefix}/include'
infodir='${datarootdir}/info'
install_sh='${SHELL} '\''/home/timlentse/MyProject/Little project/multithread-server/src/install-sh'\'''
libdir='${exec_prefix}/lib'
libexecdir='${exec_prefix}/libexec'
localedir='${datarootdir}/locale'
localstatedir='${prefix}/var'
mandir='${datarootdir}/man'
mkdir_p='$(MKDIR_P)'
oldincludedir='/usr/include'
pdfdir='${docdir}'
prefix='/usr/local'
program_transform_name='s,x,x,'
psdir='${docdir}'
sbindir='${exec_prefix}/sbin'
sharedstatedir='${prefix}/com'
sysconfdir='${prefix}/etc'
target_alias=''

## ----------- ##
## confdefs.h. ##
## ----------- ##

/* confdefs.h */
#define PACKAGE_NAME "SERVER_SOCKET"
#define PACKAGE_TARNAME "server_socket"
#define PACKAGE_VERSION "2.0"
#define PACKAGE_STRING "SERVER_SOCKET 2.0"
#define PACKAGE_BUGREPORT "tinglenxan@gmail.com"
#define PACKAGE_URL ""
#define PACKAGE "SERVER_SOCKET"
#define VERSION "2.0"
#define STDC_HEADERS 1
#define HAVE_SYS_TYPES_H 1
#define HAVE_SYS_STAT_H 1
#define HAVE_STDLIB_H 1
#define HAVE_STRING_H 1
#define HAVE_MEMORY_H 1
#define HAVE_STRINGS_H 1
#define HAVE_INTTYPES_H 1
#define HAVE_STDINT_H 1
#define HAVE_UNISTD_H 1
#define HAVE_ARPA_INET_H 1
#define HAVE_FCNTL_H 1
#define HAVE_NETDB_H 1
#define HAVE_NETINET_IN_H 1
#define HAVE_STDLIB_H 1
#define HAVE_STRING_H 1
#define HAVE_SYS_SOCKET_H 1
#define HAVE_UNISTD_H 1
#define HAVE_BZERO 1
#define HAVE_INET_NTOA 1
#define HAVE_SOCKET 1
#define HAVE_STRERROR 1

configure: exit 0
